모든 차 문 다 잠가 줘.	모든 차 문 다 잠가줘
자율 주행하기 위한 조건이 충족됐어	자율 주행 하기 위한 조건이 충족됐어
차선 이탈 경고음을 바꾸고 싶어.	차선이탈 경고음을 바꾸고 싶어
뒤에서 차를 박았는데 어떻게 해야 하는지 보험회사랑 전화 연결해 줘.	뒤에서 차를 박았는데 어떻게 해야 하는지 보면 사랑 전화 연결해줘
너무 더워 에어컨 온도 내려 줘.	너무더워 에어컨 온도 내려줘
어제 달린 속도 세팅 값 저장해.	어제 달리는 속도 세팅 값 저장해
전체 창문 아래로 완전히 내려 줘.	전체 창문 아래를 완전히 내려줘
차선 유지 모드를 써 볼래.	차선유지 모듈을 써 볼래
앰뷸런스 방해 안 되게 우리가 비키자.	앰뷸런스 방해 안되게 우리가 지키자
갓길 임시 정차 실행.	각질 임시 정차 실행
앞에 가는 차 적당히 붙어서 주행해 줘.	앞에 가는 차 적당히 붙어서 주행해줘
비상 상황 판단되면 보험사 담당자 호출해.	비상 상황 판단 되며 보험사 담당자 호출해
오른쪽 차선으로 옮겨 가자.	오른쪽 차선으로 옮겨 가자
히터 온풍만 살짝 틀어 줘.	히터 온풍만 살짝 틀어줘
차 세울 건데 갓길로 가자.	차 세울 건데 각질로 가자
맨 오른쪽 갓길로 차 이동해 줘.	맨 오른쪽 길로 차 이동해줘
왼쪽 차선에 사고 난 거 같으니까 오른쪽 차선으로 변경해 줘.	왼쪽 차선에 사고 난 것 같으니까 오른쪽 차선으로 변경해줘
자율 주행 모드는 이제 안 해도 될 것 같아.	자율주행 모드는 이제 안 해도 될 것 같아
좌석 시트 난방 켜 줘.	좌석시트 난방 켜줘
비상 정지 모드 키자.	비상 정지 모드 시작
보험사와 자동으로 콜 연결해 주겠니	보험사와 자동으로 콜 연결해 주겠니
에어컨 온도 조금만 떨어뜨려.	에어컨 온도 조금만 떨어뜨려
에어컨 바람 세기 강하게 해 줘.	에어컨 바람 세기 강하게 해줘
더우니까 전체 창문 다 열어 줘.	더우니까 전체 창문 다 열어줘
평균 시속으로 맞춥니다.	평균 시속으로 맞 춥니다
반대 차선으로 가자.	반대 차선으로 가자
비상 정지 기능을 꺼도 돼.	비상 정지 기능을 꺼도 돼
자율 주행으로 지금 대신 운전해 줄 수 있어	자율주행으로 지금 대신 운전 해줄 수 있어
현재의 자율 주행 시속 알려 줘.	현재 자율주행 시속 알려줘
차를 갓길에 이동해 줘.	차를 갓길에 이동해줘
바쁘니까 최대한 추월하면서 가.	바쁘니까 최대한 추월 하면서 가
조수석 창문 열림 버튼 눌러 줘.	조수석 창문 열림 버튼 눌러줘
에어컨 바람 세기 더 강하게 부탁해.	에어컨 바람 세기 더 강하게 부탁해
지금은 비상 정지 모드 꺼 줘.	지금은 비상 정지 모두 꺼줘
조수석 답답하지 않게 좌석 통풍 시켜 줘.	조수석 답답하지 않게 좌석 통풍시트 켜줘
통풍 시트 작동 해제.	통풍시트 작동 해제
앞차가 너무 느려 왼쪽으로 차선 바꿔.	차가 너무 느려요 왼쪽으로 차선 바꿔
비가 너무 많이 와서 비상 모드 킬게.	비가 너무 많이 와서 비상 모드 킬게
일단 갓길에서 좀 잘래.	일단 갓길에서 좀 잘래
비상 정지 모드 이제 필요 없어.	비상 정지 모두 이제 필요 없어
시간 촉박하니까 앞에 차보다 빨리 가 줘.	시간 촉박하니까 폐차보다 빨리 가줘
이 분 뒤에 자율 주행 가능한지 확인해 줘.	이분 뒤에 자율주행 가능한 지 확인해줘
차를 잠깐 갓길로 옮겨 봐.	차를 잠깐 갓길로 옮겨 봐
앞에 있는 차량을 넘어서 가 줘.	앞에 있는 차량을 넘어서 가자
앞에 한 대만 앞질러 줘.	아빠 한대만 엎질러줘
비상 정지 모드 지원 부탁해.	비상 정지 모드 지원 부탁해
차량 비상 정지 모드로 실행.	차량 비상 정지 모드로 실행
바로 앞에 있는 갓길로 이동해 줄래	바로 앞에 있는 각질로 이동해 줄래
앞 좌석만 통풍기 켜 줘.	앞 좌 석만 풍기 켜줘
어제 자율 주행으로 다녀온 곳 확인해.	어제의 자율주행으로 다녀온 곳 확인해
지금 자율 주행 시속 얼마큼 나와	지금 자율주행 시속 얼마큼 나와
에어컨 전원 켜 줘.	에어컨 전원 켜줘
운전석 문 열릴 때 조수석 문도 열어 줘.	운전석 문 열릴때 조수석 온도 열어줘
왼쪽 차선으로 가는 게 빨라 보여.	왼쪽 차선으로 가는 게 빨라 보여
긴급 차량 내 앞으로 지나가게 해 줘.	긴급차량 네 앞으로 지나가게 해줘
저 차를 앞질러 버리자.	저 차를 엎질러 버리자
구급차 먼저 지나간 다음에 주행해.	구급차 먼저 지나간 다음에 주행 해
지금 자율 주행 이력 좀 봐줘.	지금 자율 주행 이력 좀 봐줘
깜빡할 수도 있으니 네가 보험사랑 연락이 닿게 도와 줘.	깜빡할수도 있으니 내가 보험 사랑 연락이 닿게 도와줘
차를 좌측 차선으로 이동해 줘.	철을 좌측 차선으로 이동해줘
차선 유지 모드 내려 줘요.	차선유지 모드 내려줘요
오늘 하루 종일 자율 주행 모드로 설정해 줘.	오늘 하루종일 자율주행 모드로 설정해줘
뒷자리 문 모두 닫혔나 확인해 줘.	뒷자리 문 모두다 첫날 확인해줘
이곳에서 자율 주행해도 되는지 알려 줘.	이곳에서 자율 주행 해도 되는지 알려줘
차 이동해서 구급차 진로 확보해.	창2동에서 구급차 진로 확보해
시트 온도 조금 올려 줘.	시트 온도 조금 올려줘
이제 히터는 필요 없어.	이제 히터는 필요 없어
깜빡이 켜고 왼쪽으로 들어가.	깜빡이 켜고 왼쪽으로 들어가
자율 주행 속도 지금 말해 줄래	자율주행 속도 지금 말해 줄래
앞차 가는 데로 똑같이 가 줘.	앞차 가는 대로 똑같이 과정
뒤쪽 문만 닫아 줄래	뒷 쪽 눈만 닫아 줄래
비상시에 보험사가 알 수 있도록 해 줘.	비상시에 보험사 갈 수 있도록 해줘
갓길 보이면 일시 정차해.	갓길 보이면 일시 정차 해
자율 주행 지금 속력 어떻게 돼	자율주행 지금 속력 어떻게 돼
보험사로 자동 연락해 봐 줄래	보험사로 자동 연락해 봐 줄래
갓길에서 차량 정비해야 해.	갓길에서 차량 정비 해야 해
뒤 차 조심히 좌측으로 차선 변경해 줘.	뒤차 조심히 저축으로 차선변경 해줘
비상 정지 모드 켜서 도와 줘.	비상 정지 모두 켜서 도와줘
제 차의 자율 주행 기록을 부탁합니다.	제천의 자율 주행 기록을 부탁합니다
유턴하게 유턴 차선으로 가 줘.	유턴 하게 유턴 차선으로 가줘
내 차에 문제 있으면 자동으로 보험회사에 연락해 줄래	내 차에 문제 있으면 자동으로 보험 회사에 연락해 줄래
히터 온도 업 플리즈.	히터 온도 up please
틀어져 있는 시트 모두 꺼 줄래	틀어져 있는 시트 모두 꺼 줄래
이 도로의 제한 속도로 주행 속도를 세팅해 줘.	이 도로의 제한속도로 주행 속도를 셋팅해줘
집 도착 시 뒷자리 차 문 열어 줘.	집도착 cd짜리 차 문 열어줘
운전하기 귀찮으니까 자율 주행 모드 켜 줘	운전 하기 귀찮으니까 자율주행 모드 켜줘
뒷좌석 시트 열선 꺼 줘.	뒷자석 시트 열선 꺼줘
경찰차 올 때까지 잠깐 서 있어.	경찰차 올 때까지 잠깐 서 있어
보험 연락 바로 가능하게 해 줘.	보험 연락 바로 가능하게 해줘
갓길에서 잠시 자고 갈래.	갓길에서 잠시 자고 갈래
차선 오른쪽으로 두 번 옮겨 줘.	차선 오른쪽으로 두번 넘겨줘
운전석 통풍 잘 되게 해 줘.	운전석 통풍 잘되게 해줘
한꺼번에 창문 다 닫아.	한꺼번에 창문 다 닫아
자율 주행 제일 많이 쓴 지형들 알려 줘.	자율주행 제일 많이 쓴 지형들 알려줘
차 문 열 때 모든 문 열리게 해.	차 문 열 때 모든 문 열리게 해
열선 좀 달궈 봐.	열선 좀 달고 봐
내 앞차 앞질러서 운전해 줘.	내 앞차 앞질러서 온 전해줘
앞차 따라가도록.	앞차 따라가
바람 미풍으로 바꿔 줘.	바람 미풍으로 바꿔줘
방금 전 자율 주행에 대한 정보 알려 줘.	방금전 자율주행에 대한 정보 알려줘
자율 주행 모드 켜도 되는지 답해 줘.	자율주행 모드 켜도 되는지 답해줘
긴급 차량 빨리 지나갈 수 있게 해 줘.	긴급차량 빨리 지나갈 수 있게 해줘
뒷자리 차 문 개방 요청합니다.	뒷자리 차문 개방 요청합니다
자율 주행 속도 표시해 주겠니	자율 주행 속도 표시 해 주겠니
누가 탈거야 뒷자리 차 문 열어 둬.	누가 탈꺼야 뒷자리 차 문 열어줘
차선을 이 차선으로 이동해 줘.	차선을 2차선으로 이동해줘
히터 풍량 조절 좀 해 줘.	히터 풍량 조절 좀 해줘
차 육십 킬로미터로 운전해 줘.	차 60킬로미터로 운전해줘
에어컨 팍팍 틀어 줘.	에어 컴 팍 팍 틀어줘
앞차랑 안 부딪히게 따라 주행해 줘.	앞 차량 안 부딪치게 따라 주행해줘
지금 이 차량 몇 킬로미터로 자율 주행 중이니	지금 이 차는 몇킬로미터로 자율주행 중이니
자율 주행한 장소들 조회해 줘.	자율주행 한 장소들 조회해줘
사람이 타면 뒷자리 차 문 닫아 줄래	사람이 타면 뒷자리 차 문 닫아 줄래
운전 속도는 앞에 차보다 빨리해 줘.	운전 속도는 앞에 차보다 빨리 해줘
에어컨 온도 아주 시원하게 바꿔.	에어컨 온도 아주 시원하게 바꿔
에어컨 켜서 온도 차게 해 줘.	에어컨 켜서 온도 차게 해줘
차선 변경 이 차선으로.	차선변경 2차선으로
앞차 차선 변경하기 전까지 따라가 줘.	앞차 차선변경하기 전까지 따라 가줘
앞차 하는 대로 운전해.	앞차 하는데 왜 운전해
전체 문 확실히 닫아 줘.	전체는 확실히 닫아줘
뒷문 록 해.	뒷문 로케
조수석 창문 삼 분의 이 정도 내려 줄래	조수석 창문 3분의 2 정도 내려 줄래
좌석에 통풍 기능 풀 가동해 줘.	좌석이 통풍 기능 풀 가동 해줘
나 좀 추운데 시트 따뜻하게 해 줄래	하죵 추운날씨에 따뜻하게 해 줄래
히터 온도 좀 올려.	히터 온도 좀 올려
보험사에다 연락 좀 부탁해.	보험사에다 연락 좀 부탁해
앞차 속도와 똑같이 주행해서 따라가 줘.	앞차 속도와 똑같이 주행에서 따라 가줘
좌석 통풍 낮음으로 시작해 줘.	좌석 통풍 낮음으로 시작해줘
좌석 온도 기능 최대치로.	자석 온도 기능 최대치로
자율 주행 가능 여부 산출해 주세요.	자율주행 가능 여부 산출 해주세요
옆 차선으로 움직여 줘.	옆 차선으로 움직여 줘
차선 유지 모드 죽여 줘.	차선유지 모두 죽여 줘
자동으로 보험 담당자를 불러 주세요.	자동으로 보험 담당자를 불러주세요
단순 접촉 사고 발생 시 보험사에 연락할지 물어봐 줘.	단순 접촉사고 발생 시 보험사에 연락할 지 물어봐줘
앞차 너무 느리다 우리가 앞으로 가자.	앞차 너무 느리다 우리가 앞으로 가자
자율 주행 속도 브리핑해 줘.	자율주행 속도 브리핑해줘
히터가 너무 강해서 건조해 내려 줘.	히터가 너무 강해서 건 조회 내려줘
자율 주행 총 운행 거리 합계 내 줘.	자율주행 총 운행 거리 합계 내줘
우리보다 앞으로 가는 차 추월해서 가.	우리보다 앞으로 가는 첫 추월 해서 가
제일 낮은 온도로 설정해.	제일 낮은 온도로 설정해
구급차 지나가야 하니까 잠깐 멈췄다 가자.	구급차 지나가니까 잠깐 멈췄다가 자
히터 다시 이십육 도로 맞춰 줘.	히터 - 26도로 맞춰줘
비가 오면 비상 정지 모드를 자동으로 켜 줘.	비가 오면 비상 정지 모드를 자동으로 켜줘
지금부터는 왼쪽 차선 이용하도록 해.	지금부터는 왼쪽 차선 이용 하도록 해
다인승 차선으로 가자.	다 인승 차선으로 가자
강풍으로 설정해.	강풍으로 설정해
자율 주행 모드 오프로 전환 부탁해.	자율주행 모드 off로 전환 부탁해
차 뒷문 잠가 줘.	처진 문 잠가줘
옆 차선이 더 낫겠다.	옆 차선이 더 낫겠다
히터 바람 너무 세니까 낮춰.	히터 바람 너무 세니까 낮춰
그동안 자율 주행 얼마나 했는지 알려 줘.	그동안 자율주행 얼마나 했는지 알려줘
주행 기록에서 자율 운행으로 얼마나 이동했는지 확인해 줘.	주행 기록에서 자율 운행으로 얼마나 이동 했는지 확인해줘
구급차 막지 않게 비켜 줄래	구급차 막지 않게 비켜 줄래
전방에 있는 갓길에 세워야 하는 데 도와줄래	전방에 있는 각질을 세워야 하는데 도와 줄래
이번 주 요일별 자율 주행 평균 속도를 알려 줘.	이번 주 요일별 자율주행 평균 속도를 알려줘
좌석 통풍 켜기.	좌석 통풍 켜기
너무 더우니까 좌석 통풍 기능도 켜.	너무 더우니까 좌석 통풍 기능도 켜
오십 미터 거리 유지하며 앞차 따라 가.	50m 거리 유지하며 앞 차 따라가
오늘 운전 속력은 시속 육십으로 세팅 부탁해.	오늘 운전 속력은 시속 60으로 세팅 부탁해
앞 차량 동행해.	차량통행에
주행 속도 팔십으로 고치고 싶어.	주행 속도 80으로 고치고 싶어
앞 좌석 에어컨만 켜.	앞좌석 에어컨만 켜
갓길에 비상 주차해.	갓길에 비상 주차 해
자율 주행 속도 몇으로 세팅되어 있어	자율주행 속도 몇으로 세팅되어 있어
구급차에 양보하려면 어디로 빠져야 해	구급차 양보 하려면 어디로 빠져 야해
자율 주행 시 기록해 놓은 주행 기록 출력해 줘.	자율주행 씨 기록해 놓은 주행 기록 추적해줘
차 정차하면 뒷자리 차 문 다 열어 줘.	차 정차 하면 뒷자리 차 문 다 열어줘
앰뷸런스 길 터 줘.	앰뷸런스 길 터 줘
좌석 통풍 기능 작동 정지해 줄래	자석 통풍 기능 작동 정지해 줄래
자율 주행 무슨 속도야	자율주행 무슨 속도야
히터 바람 조금만 약하게 나오게 설정해 줘.	히터 바람 조금만 약하게 나오게 설정해줘
주행 속도는 육십 킬로미터 넘지 마.	주행 속도는 육십킬로미터 넘지 마
시동석 통풍 기능 그만 쓸게.	c 동적 통풍 기능 그만 쓸게
갓길에 정차해야 할 일이 생겼어.	갓길에 정차 해야 할 일이 생겼어
시속 올려서 저기 차 앞으로 이동해.	시소 올려서 전기차 앞으로 이동해
요즘 자율 주행 얼마나 사용했는지 사용 기록 확인해 줄래	요즘 자율주행 얼마나 사용 했는지 사용 기록 확인해 줄래
차량 내부 따뜻하게 해 주라.	차량내부 따뜻하게 해 주라
자율 주행 모드 시작하기.	자율주행 모드 시작하기
조수석 창문 모두 개방해 줘.	조수석 창문 모두 개방 해줘
실내가 더우니 히터를 꺼 주렴.	신뢰가 더우니 히터를 꺼주렴
갓길에 차 붙이고 서 봐.	갓길에 차 붙이고 서 봐
에어컨 이 단 낮춰.	에어컨 2단 낮춰
자율 주행 수행 준비되었는지 알려 줘.	자율주행 시연 준비되었는지 알려줘
에어컨 바람 위로 가게 해 줘.	에어컨 바람 위로 가게 해줘
차 옆으로 붙여서 구급차 지나가게 해.	차 옆으로 붙여서 구급차 지나가게 해
자율 주행 기록에서 어제 것 알려 줘.	자율 주행 기록에서 어제 꽃 알려줘
지금 자율 주행 속도가 어떻게 되는지 알려 줘.	지금 자율 주행 속도가 어떻게 되는지 알려줘
이때까지 자율 주행으로 달린 거리 전부 합산해서 알려 줘.	이때까지 자율주행으로 달린 거리 전부 합산 해서 알려줘
구급차를 위해 길을 양보해 줘.	구급차를 위해 길을 양보 해줘
앞차 뒤를 밟아 줘.	앞 차 뒤를 밟아 줘
자율 주행 기능 이용 가능성 체크 부탁해.	자율주행 기능 이용 가능성 체크 부탁해
내가 달린 평균 속도 값으로 세팅 가능해	내가 달린 평균속도 값으로 셋팅 가능해
자율 주행 달린 기록 다 보여 줘.	자율주행 달린 기록 다 보여줘
자율 주행 데이터 보고 싶어.	자율주행 데이터 보고 싶어
이번 자율 주행 몇 분 걸렸어	이번 자율주행 몇분 걸렸어
운전석 온도 따뜻하게 데워 줘.	운전석 온도 따뜻하게 데워 줘
좌석 통풍 스탑.	좌석 통풍 stop
최대 속도 낸 자율 주행 기록 알려 줘.	최대 속도 낸 자율 주행 기록 알려줘
엉덩이 쪽 시트만 따뜻하게 틀어 줘.	엉덩이 쪽 시트만 더 따뜻하게 틀어줘
지금 자율 주행 중인 차 시속 알려 줘.	지금 자율 주행 중인 차 시속 알려줘
프로 야구 시즌 개막 언제인지 알려 줘.	프로야구 시즌 개막 언제인지
패스트푸드 메뉴 검색해 줘.	패스트푸드 메뉴
지금 진행 중인 배구 정보 알려 줘.	지금 진행 중인 백 우정
매운 돼지갈비 먹고 싶은데 레시피 좀 알려 줘.	매운 돼지갈비 먹고 싶은데 레시피 좀 알려
텔레그램으로 이 메시지 내용 여러 명에게 알려 줘.	텔레그램으로 이 메세지 내용 여러명이
마음이 답답하니까 시원한 음악으로 재생하거라.	마음이 답답 하니까 시원한 음악으로
주간 일정 나에게 전달해 줘.	주간일정 나에게
이번 주 날씨 월요일부터 순서대로 말해 줘.	이번주 날씨 월요일부터 순서대로 말해
실내 온도 지금보다 조금 더 따듯하게 설정해 줘.	실내 온도 지금보다 조금 더 따뜻하게
미국에서 제일 골 많이 넣은 선수는 누구야	미국에서 제일 골 많이 넣은 선수
집에 있는 재료로 볶음밥 할 수 있겠지	집에 있는 재료로 볶음밥 할 수
지금 들리는 음악 제목 알아	지금 들리는 음악
기운 없어 힘 나는 노래 검색해 줘.	기운 없어 힘나는 노래
주변 음식점 뭐 있어	주변 음식점
타코 피자 음식 미리 주문 넣어 줄래	타코 피자 음식 미리 주문
와이퍼 켜 줘.	와이퍼
카카오톡 이모티콘 새로 나온 거 보여 줘.	카카오 톡 이모티콘 새로 나온
내일 새벽에 많이 추워	내일 새벽에
다음 주 날씨를 알고 싶어.	다음 주 날씨를
새로 나온 알앤비 노래 찾아봐 줘라.	새로 나오는 알앤비 노래
지현이한테 텔레그램 메시지 좀 보내줄래	지연이한테 텔레그램 메세지 좀
갈비찜 재료 받아 적을게요.	갈비찜 재료가 다
뉴스에서 인터뷰한 선수 이름 알고 싶어.	뉴스에서 인터뷰한 선수 이름
등록 식당 어디 어디 있는지 말해.	등록 식당 어디 어디 있는지
합정역은 이제 즐겨찾기에서 삭제해 줘.	합정역은 이제 즐겨찾기에서 삭
자동 응답 메시지 발송해.	자동 응답 메세지
오늘 회의 늦게 끝나	오늘 회의 몇시 늦게 끝나
가장 싼 메뉴를 검색해 볼래	가장 싼 메뉴를
유린기 재료 좀 알려 줘.	유린기 재료 좀
케이비에스 라디오 있어	kbs 라디오 있어
주차장 있는 주변 음식점 알려 줘.	주차장 있는 주변
너무 습해서 불쾌한데 오늘 습도 어때	너무 습해도 불쾌한 데 오늘 습도
통화 기록에 엄마 있어	통화기록에 엄마 있어
류현진 선수 몸값이 얼마야	류현진 선수 몸값
카카오톡 친구 초대해서 비밀 채팅방 만들어 줘.	카카오 톡 친구 초대에서 비밀 채팅
주간 일정 확인 부탁해요.	주간 일정 확인
닭볶음탕 만들고 싶은데 재료 뭐 준비해야 해	닭볶음탕 만들고 싶은데 재료 뭐 준비해야
이연복 선생님의 만두피 빚는 법 알려 줘.	이연복 선생님의 만두피 빚는 법
최신 야구 뉴스 읽어 줘.	최신 야구
어린아이도 먹을 수 있는 메뉴 있을까	어린 아이도 먹을 수 있는 메뉴
배달의 민족에서 오늘 할인하는 메뉴 알려 줘.	배달의민족에서 오늘 할인하는 메이
지금 들을 수 있는 라디오 채널 있어	지금 들을 수 있는 라디오 채널
이번 도드람 리그 전체 일정 띄워 줘.	이번 도드람 리그 전체 일정
두 시에 통화한 사람 누군지 알려 줘.	두시에 통화한 사람 누구야
놀러 가서 신나는데 더 신나는 노래 틀어 줘.	놀러 가서 신나는데 더 신나는 노래
고양 오리온 원정 성적 알려 줘.	고양 오리온 1 정선 횡성
제약 종목 관련 기업 정보 알려 줘.	제약 종목 관련 기업
안양 케이지씨랑 서울 팔케이 경기 전적 비교해 줘.	안양 kgc랑 서울 8 k 경기 직전 비교 알려
슬퍼서 잠이 안 오는데 마음이 안정되는 노래로	슬퍼서 잠이 안오는데 마음이 안정되는
오늘 미세 먼지 농도는 어때	오늘 미세먼지 농도는
제약 종목 고가는 얼만지 봐 줘.	제약 종목 국가는 얼만지
샌드위치 배달시켜 줘.	샌드위치 배달
마지막으로 롤드컵 우승한 팀이 어디야	마지막 마지막으로 롤드컵 우승한
지금 런치 특가 메뉴 있어	지금 런치 특가 메뉴
내일부터 비 내리는지 알려 주라.	내일부터 비 내리는지 알려줘
라디오 채널 다른 채널로 바꿔 주게나.	라디오 채널 다른 채널로 바꿔줘
텔레그램 업무 메시지 온 거 있어.	텔레그램 업무 메세지
오늘 축구 연장했어	오늘 축구
지금 전화 내역이 필요해.	지금 전화 내역이
브이 리그 여자부 경기 일정 말해 줘.	v리그 여자부 경기 일정 말해
내일 미팅은 몇 시야	내일 미팅은
아이유가 피처링한 노래 다 검색해서 알려 줘.	아이유가 피처링한 노래 다
집까지 가는 빠른 길 알려 줘.	집까지 가는 빠른
영화 순위 검색해서 알려 줘.	영화 순위 검색해줘
유튜브로 뮤직비디오 감상할래.	유튜브로 뮤직비디오
등록된 백소정 식당 오늘 문 열어	등록된 백소정 식당 오늘
내 차 설정하기에서 차량 설정 열어 줘.	회차 설정하기에서 차량 설정
김민수 번호 찾아 걸어 줘.	김민수 번호 찾아
토마토 파스타 재료 알려 주라.	토마토 파스타 재료
담원이 지금 몇 위야	다몬 이 지금 몇
다음 주 영하 몇 도까지 내려가는지 알려 줘.	다음 주 영하 몇도까지 내려가
집까지 가는 경로 검색	집으로 가는 경로
프로 야구 한국시리즈는 며칟날 시작이야	프로야구 한국 시리즈 며칠 날
파티 음식 요리 비법 좀 알고 있어	파티 음식 요리 비법 좀
치즈 닭갈비 메뉴 주문해 줘.	치즈 닭갈비 메뉴
다음 주 일정 간추려 줘.	다음 주 일정
오늘 기온이 어제보다 낮아	오늘 기온이 어제보다
원주 오비와 상대 팀 조회해 줘.	원주 ob와 상대팀
오늘 영화 몇 시 꺼 예매했어	오늘 영화 몇시 꺼
텔레그램 개인 정보 변경.	텔레그램 개인정보
인기 차트 탑 백에 가장 많은 곡을 올린 가수가 누구야	인기 차트 top 100에 가장 많은 곡을 올리는가
현재 주식 총자산 순 이익률 지표 확인해 줘.	현재 주식 총자산 순이익 률 지표
소녀시대 가수 신곡 알려 줘.	소녀시대 가수 신곡
라디오 채널 중에 여성시대 들을래.	라디오 채널중에 여성시대
차슈 라멘 레시피 좀 읽어 줘 봐.	차슈 라면 레시피 좀
오늘 병원 예약 몇 시로 돼 있어	오늘 병원 예약 몇시로 돼 있어
이십사 시간 영업하는 밥집 검색해.	24시간 영업하는 밥집
최신 배구 뉴스 요약 부탁해.	최신 배구 뉴스 요약
누가 엘씨케이 우승했어	누가 lck
비 오면 신발이 다 젖어서 짜증 나는 데 비 언제 그쳐	비오면 신발이 다 젖어서 짜증 나는데 어
카카오톡 선물하기 켜 줘.	카카오 톡 선물하기
실시간 도로 교통 상황 반영해서 집까지 빨리 가는 길 안내해.	실시간 도로 교통상황 반영 해서 집까지 빨리 가는 길을
여행 가니까 여행 기분 나는 신나는 노래 하나 틀어 줘.	여행가니까 여행 기분 나는 신나는 노래
신나니까 힙합 노래 들려 줘.	신나는 힙합
음식 주문한 거 결제하고 싶어.	음식 주문하고
한국리그에 참여하고 있는 프로게임단 소속 선수 알려 줘.	한국 리그에 참여하고 있는 프로 게임단 소속
음식점에 음식 주문 넣어 줘.	음식점의 음식
들러서 가져가게 불고기 방문 할인 주문 부탁해.	들려서 가져 가게 불고기 방문 할인 주문
기아 자동차 주가 지금 얼마야	기아자동차 주가
이번 주 힙합 장르 일 위 곡 알려 줘.	이번 주 힙합 장르 1위 곡 알려줘
설정 한번 보여 줄래	설정 한번
한국팀 피파 순위 알려 줘.	한국 팀 피파 순위
오늘 몇 시부터 비 온다고 했어	오늘 몇시부터 비 온다고 했어
울산 현대모비스 경기 결과 말해 줘.	울산 현대모비스 경기 결과
잠실에서 선릉까지 가는 루트 안내해.	잠실에서 선릉까지 가는 루트
수요일에 내가 들렀던 곳 전부 알려 줄래	수요일에 내가 들었던 들었던 곳 전북
시세 차익 얼마나 나는지 확인해 봐.	시세차익 얼마나 나는지 확인
우리 집 위치를 즐겨찾기에서 수정하고 싶어.	우리집 위치를 즐겨찾기에서 수정
속상한 일 있어서 우울한데 밖에 날씨도 이래	속상한 일이 있어서 우울 한대 밖에
내일 친구랑 피크닉 가기로 했는데 날씨 괜찮아	내일 친구랑 피크닉 가기로 했는데 날씨
오늘 몇 시 축구 경기인지 알려 줘.	오늘 몇시에 축구 경기해
방탄소년단 이번 앨범 수록곡 알려 줘.	방탄소년단 이번 앨범 수록곡
여행 가는데 신나는 노래 틀어 줘.	여행 가는데 신나는
깍두기 담그는 법 좀 알려 줄래	깍두기 담그는 법 좀
가까운 역 검색해.	가까운 역
기운 없는 아침에 활력이 나는 노래로 부탁해.	기운없는 아침에 활력이 나는 노래
김치 만들 때 필요한 재료 구해 줘.	김치 만들 때 필요한 재료
여기 주변 지역 평균 온도 확인해서 말해 줘.	여기 주변 지역 평균 온도 확인
역대 롤드컵 우승팀 알려 주라.	역대 롤드컵 우승팀
오버워치 젠지 팀 선수 명단 보여 줘.	오버워치 젠지 팀 선수명단
지금 홈런 친 선수 이름 찾아 줘.	지금 홈런 친 선수
이번 주랑 다음 주랑 비교해서 온도 차이 알려 줘.	이번주랑 다음주랑 비교해서 온도차
내 주변 주유소들 즐겨찾기 설정해.	내 주변 주유소를 즐겨찾기 설정에
한강 근처 일교차 알아와 줘.	한강 근처 일교차 알아
이번 주 날씨는 대체로 어때	이번 주 날씨는
프로 야구 포스트 시즌 일정 알려 줘.	프로야구 포스트 시즌
네 번째 경기에서 지투가 젠지를 몇 대 몇으로 이겼어	네번째 경기에서 g2가 젠지는 몇대 몇
산채비빔밥 주문 카드 결제 가능해	산채 비빔밥 주문 카드결제
파스타 만드는 데 있어야 되는 재료 목록 줘.	파스타 만드는 데 있어야 되는 재료
라디오 음량 설정 좀 바꾸자.	라디오 음량 설정
셀트리온 전일 대비 수익률 말해 줘.	셀트리온 전일 대비 수익률
불교 방송 주파수가 궁금해.	불교 방송 주파수가
국물 요리 하나 먹고 싶어.	국물용 우리 하나
오므라이스 쉬운 레시피 알려 줄래	오므라이스 쉬운 레시피 알려
흥국생명 승패율 알려 줘.	흥국생명 승 폐유를
가을 야구 진출 확정된 팀이 누군지 궁금해.	가을야구 확정 된 팀이 누군지
내일 몇 시까지 목적지에 도착해야 하는지 알려 줘.	내일 몇시까지 목적지 도착해
여행 가서 너무 기쁜데 신나는 노래 틀어 줘	여행가서 너무 기쁜데 신나는 노래
내비에 등록된 식당 목록 읽어 줘.	네비에 등록된 식당 목록
한식 메뉴 몇 칼로리야	한식 메뉴
야구 엘지팀 우승하려면 몇 경기 남았는지 알려 줘.	야구 lg 팀 우승 하려면 몇 경기 남았어
백종원 갈비찜 레시피 알려 줄래	백종원 갈비찜 레시피
오늘 비가 많이 와서 슬픈데 이번 주 내내 비 와	오늘 비가 많이 와서 슬픈데 이번 주 내내
이번 주에 태풍 오는 게 언제였지	이번 주에 태풍 오는 거
무기력한데 오늘 날씨 맑음이야	무기력한 데 오늘 날씨
주간 일정 확인해 볼래	주간 일정
계란말이 잘 만드는 방법 알려 줘.	계란말이 잘만드는 방법
화면 밝기가 너무 밝다.	화면 밝기가 너무
회사 근처 날씨 봐야겠어.	회사 근처 날씨
이번 시즌 케이 리그에서 도움 가장 많이 한 선수 찾아 줘.	이번시즌 k리그에서 도움 가장 많이 한
카카오톡 이번 달 이전 카톡방은 모두 나가게 실행해.	kakaotalk 이번달 이전 카톡 방은 모두 나가게
내 주식 상황 좀 알려 주라.	내 주식 상황 좀 알려줘
여기 주변 날씨는 좀 어떤가 들어 보자.	여기 주변 날씨는 좀 어떤가
뒷좌석 히터 다 꺼 줄래.	뒷자석 히터다
얼큰 샤브 전골 삼 인분으로 주문 넣어 줘.	얼큰 샤브 전골 3인분으로 주문
내일 하는 프로 농구에 이승현 선수가 나와	네일하는 프로농구의 이승현 선수
노래 제목이 기억이 안 나.	노래 제목
지금 듣는 가수 검색해.	지금 듣는 가수
맥도날드 신촌점 검색해서 전화 연결해 줘.	맥도날드 신촌점 검색해서
회사 주변 습도 알고 싶어.	이번주 회사 주변 습도 알고
텔레그램 비밀번호 바꿔 줘.	텔레그램 비밀
내일 많이 추워지려나	내일 많이 추워
내일은 오늘보다 따뜻해	내일은 오늘보다
롤드컵 기간이 언제야	롤드컵 기간
아웃백에 어린이 전용 메뉴가 있어	아웃백에 어린이 저녁메뉴
유튜브로 드라이브 노래 검색.	유튜브로 드라이브
블루투스 기기 음량 조절할래.	블루투스 기기 음량
오늘 어제보다 추워	오늘 어제보다
김민수한테 문자 좀 써 주라.	김민수한테 문자 좀
내가 등록한 식당 중에 아직 영업하는 데가 있어	내가 등록한 식당중에 아직 영업하는
등록한 식당 브레이크 타임이 있는지 확인해 봐야 해.	등록한 식당 브레이크 타임이 있는지 확인
이천이십 롤 월드 챔피언십 경기 일정이 어떻게 돼	2020 lol 월드 챔피언십 경기일정
카카오톡 프로필 배경 바꿔 줄래	카카오 톡 프로필 배경
이번 주 학원 언제 가	이번주 학원
우리 집 즐겨찾기로 등록해.	우리집 즐겨찾기
해물 파스타 만드는 순서가 어떻게 되니	해물 파스타 만드는 순서가
키움이 지금 몇 위야	키움이 지금 몇위야
빅맥 두 개 주문해 줘.	빅맥 2개
멜론으로 캐럴 틀어 줘.	멜론으로 캐롤 틀어줘
지금 날씨 체크 바람.	지금날씨 체크
주변에 평점 높은 중식당이 있으면 거기로 갈래.	주변에 평점 높은 중식당에 있는 거 기록
가로수길 맛집 찾아 줘.	가로수길
현재 일 위 곡 일 위 한 지 얼마나 됐지	현재 1위 곡 1위 현재 얼마
요즘 너무 춥고 외로우니까 크리스마스 분위기를 느낄 수 있는 캐럴 틀어 줘.	요즘 너무 춥고 외로우니까 크리스마스 분위기를 느낄 수 있는
오늘 추워서 하루 종일 떨었는데 내일도 많이 춥데	오늘 추워서 하루 종일 돌았는데 내일도 많이
등록된 홍콩반점 식당 테이블 몇 개야	등록된 홍콩반점 식당 테이블 몇 개야
카카오톡 모든 알림 해제 시켜.	카카오 톡 모든 알림 해제
게장 만드는데 들어가는 재료 알려 주라.	계정 만드는데 들어가는 재료
설정검색 창 띄워 줘.	설정 검색
너무 짜증나 스트레스 풀 수 있는 음악 틀어 줘.	너무 짜증나 스트레스 풀 수 있는 음악
엘에이 레이커스가 파이널 우승한 거 맞아	la 레이커스가 파이널 우승
보이스톡 온 분한테 다시 걸어 줘.	보이스 톡 운분한테 다시
간단히 만들어 먹기 좋은 돼지 요리 레시피 읽어 줘.	간단히 만들어 먹기 좋은 돼지 요리 레시피
이피엘 개막일 언제인지 검색해 봐.	epl 개막일 언제인지
고양 오리온 간판선수 누구야	고양 오리온 간판
작년 엠엘비 평균 자책점 일 위 투수 알려 줘.	창년 mlb 평균 자책점 1위
십일 야구 시합 결과가 뭐야	11 야구 시합
블랙핑크 최신곡 알려 줘.	블랙핑크
텔레그램 채널에 설문 만들어 줘.	텔레그램 채널의
농구 구단 협회 목록 좀 보여 줘.	농구 구단 협회 목록 좀
컴퓨터 전원에 불 켜 줘.	컴퓨터 전원에 불
이십 분 뒤에 안방 조명 켜지게 설정해 줘.	20분 뒤에 안방 조명 켜지게
로봇 청소기 터보 모드로 전환해 줘.	로봇 청소기 터보 모드로
로봇 청소기 저소음 모드로 돌려 줘.	로봇 청소기 저소음 모드로
쓸데없는 전기 나가지 않도록 전원 꺼 줘.	쓸데없는 전기 나가지 않도록
지금 거실 등 어떤 게 켜진 건지 확인해 줘.	지금 거실 등 어떤 게 켜진 건지
모든 에어컨 지금 약하게 틀어 줘.	모든 에어컨 지금 약하게
주문한 식료품 출고 완료했어	주문하신 높은 출고 완료
지금 스위치 내려가 있는 조명 어디 있어	지금 내려가 있는 조명
로봇 청소기 단계 설정 하나만 높여라.	로봇 청소기 단계 설정 하나만
주방 에어컨 온도 올려 봐.	주방 에어컨 온도 올려
모든 전원 플러그에 타이머 맞춰 줘.	모든 전원 플러그에 타이머
안방 조명 반만 두 단계 올려 줘.	안방 조명 반만 두 단계
컴퓨터 전원 켜 놓고 싶어.	컴퓨터 전원 켜 놓고
집에 애들만 있으니 가스 밸브 잠가.	집에 두면 있으니까
한 단계 내려서 아이 방 치워 줘.	한 단계 내려줘
집에 사람 없으니 거실 조명을 세 개 내려 줘.	집에 사람 없으니 거실조명
회사로 출발 시 모든 바람 방향을 위로 설정시켜.	회사로 출발 시 모든 바람 방향은
집에 홈카메라 작동되고 있는 거 뭐야	집에 홈 카메라 작동 되고
이 층에 있는 모든 조명들 다 최대한 밝게 해 줘.	2층에 있는 모든 주면 된다 최대한
홈 카메라 잔여 저장 용량 확인 해.	폰카메라 자녀 저장 용량
홈카메라 저장 용량이 얼마나 되는지 알려 줘.	폰 카메라 저장 용량이 얼마나 되는지
집에 도착하기 전에 선풍기 켜 놔.	집에 도착하기 전에 3
에어컨 온도 지금 그대로 유지.	에어컨 온도 지금 그대로
전원 플러그 기능 오프해 줘.	전원 플러그 기능
공포 영화 볼 거니까 전체 조명 꺼 놔.	공포영화 볼 거니까 전체 조명 꺼
식료품 배송 현황을 실시간으로 추적해 줘.	식료품 배송 현황을 실시간으로 추적
전원 온오프 타이머로 컨트롤하자.	전원 온오프 타임으로 컨트롤
컴퓨터 플러그 조절하게 위치 알려 주라.	컴퓨터 플러그 조절 하게 위치 알려 주라
컴퓨터 플러그 어디에 놨었지	컴퓨터 플러그 어디
물걸레 모드로 전환해서 부엌 바닥 닦아 줘.	물걸레 모드로 전환해서 부어
에에컨 풍량 세게 해 주겠어	에어컨 풍량 세게 해 주겠어
어느 방에 에어컨을 켜놨어	어느 방에 에어컨을 켜
최대 단계로 거실 조명 다 틀어 놔 줘.	최대 단계로 거실조명
빨리 안방 불 좀 끄자.	빨리 안방 불 좀 꺼줘
홈카메라 위치 공유 부탁해.	폰 카메라 위치 공유
온 오프 할 수 있는 조명 어디인지 알려 줘.	오늘 할 수 있는 중량 어디니
네가 컴퓨터 전원 한 시간 뒤에 내려 줘.	니가 컴퓨터 전원 1시간 뒤에
조도 최소치로 바꿔 봐.	저도 최소치로
안방 조명 이 레벨로 조정해 줘.	안방 조명 1-1로 조정해
에어컨 바람 아래쪽으로 쐬게 설정.	에어컨 바람 아래쪽으로 세계 설정
나 출근하고 아홉 시 넘으면 가스 밸브 잠가지게 타이머 맞춰 줘.	나 출근하고 아홉시 넘으면 가스 밸브 잠가줘
전깃불 다 켜 줘.	전깃불
침실 어느 조명이 꺼져 있는지 알아 봐 줘.	침실 어느 조명이 꺼져 있는지
안방 조명 한 시간 뒤에 꺼 줄래	안방 조명 한시간 뒤
집에 도착하면 안방 조명은 최고로 밝혀 놔 줘.	집에 도착하면 안방 조명 최고로 밝게
안방 침대에 사람이 있으면 일 분 후에 꺼지도록 알람 맞춰 줘.	안방 침대 사람이 있으면 일분 후에 꺼 지도 록 알람 맞춰
보일러 바람 아래로 해.	보일러 바람
거실이 가장 어두울 수 있도록 설정해 줘.	거실이 가장 어두울 수 있도록 설정
보일러 더 뜨겁게 올려 줘.	보일러 더 뜨겁게
선풍기 플러그 위치를 알아야 하는데 도저히 모르겠어.	선풍기 플러그 위치를 알아야 하는데 도저히 모르겠
홈카메라로 사용 몇 번이나 했어	폰카메라로 사용이 몇번이니
우리 집 에어컨 미풍으로 켜라.	우리 집 에어컨 켜줘
홈 카메라에 저장할 수 있는 공간이 얼마나 남았는지 봐 줘.	폰카메라에 저장할 수 있는 공간이 얼마나 남았는지 봐줘
집 안 조명 최소로 바꿔 줘.	집안 조명 최소로
거실 쪽으로 전등 전원 다 들어가게 처리해 줘.	현실적으로 전등 전원 다 들어가게
에어컨 바람 아래쪽 향하는 거 맞아	에어컨 바람 아래 쪽 향하는
주문 내역서 확인해서 양파 샀나 알려 줘.	주문 내역서 확인
안방 조명 전원 아침에 꺼 줘.	안방 조명은 아침에 꺼
전원 한 시간 뒤에 자동으로 종료되게 해 줘.	전원 1시간 뒤에 자동으로 종료된
저번 주에 내가 홈플러스에서 버터 구매했어	저번 주에 내가 홈플러스에서 버터 구매
전원 플러그 중에 켜져 있는 게 뭐야	전원 플러그 중2 켜져 있는 게
거실 조명 타이머 한 시간짜리로 틀어.	거실조명 타이머 1시간짜리
어느 방에 에어컨 냉방 중이지	어느 방에 에어컨 냉방 중
식료품 주문 취소는 아닌지 확인해 봐.	식료품 주문 취소는 안돼
주문 내역서를 내가 확인할 수 있게 도와 줘.	주문 내역서를 확인할 수 있게
다중 청소 모드 이용하고 싶어.	다중 청소 모두 모두
컴퓨터 전원 꺼지는 시간 오후 세 시로 맞춰놔.	컴퓨터 전원 꺼지는 시간 오후 3시로
안방 불 완전히 꺼 줘	안방 불
켜진 에어컨 있는지 전부 확인해 줘.	해진 에어컨 있는 지점
보일러 위쪽으로 켜 줘.	보일러 위쪽으로
현관문 제대로 잠겨 있는지 확인해서 알려 줘.	현관문 제대로 잠겼는지 확인해
어디 플러그가 지금 연결되어 있는 거니	어디 플러그가 지금 연결되어 있는 거니
나 집에 다 왔으니깐 현관문 잠금 해제 부탁해.	나 집에 다 왔으니 깐 현관문 잠금 해제 부탁해
세 시간 후에 꺼지는 거로 전원 타이머 맞춰 줘.	3시간 후에 꺼지는 거 루 전원 타이머
컴퓨터 딱 한 시간만 틀어 줘.	컴퓨터 딱 한시간 10000
현관문 잠금으로 바뀌어있는지 확인 좀.	현관문 잠금으로 박혀 있는지
전기 맞춤 시간 지정해서 관리할래.	전기 맞춤 시간 지정에서
배달시킨 식료품들은 잘 오고 있어	8시 26분
현관문 애들이 못 열도록 제대로 닫혔어	현관문의 드림온
전체 조명 다 두 단계 올려 줘.	전체 조명 다 두 단계
집 도착까지 잔여 거리 보고	집도착까지 자녀
전원 타이머 온오프 시간 설정해 줘.	전원 타이머 on off 시간
세 시간 후에 보일러 틀어 줘.	3시간 후에
안방 불 좀 켜 줘라.	안방 불 좀
온도 설정 낮춤이야.	온도 설정 낮추기
거실 조명 뭐 안 껐지	거실 조명 꺼
집 최대한 뜨겁게 해 줘.	집 최대한 뜨겁게 해
가스 전원 꺼서 밸브 잠가 줘.	가스 전원 꺼
지금부터 이십 분 뒤에 안방 조명 불 켜 줘.	지금부터 20분 뒤에 안방 조명 꺼줘
거실 조명 최대 전원 켜 줘.	거실 조명 최대
거실 조명 제일 낮게 설정해 줄래	거실 조명 제일 낮게
보일러 지금 단계보다 하나만 낮춰 줘.	보일러 지금 단계보다 하나만
로봇 청소기 있는데 얘기해.	로봇 청소기 있는데 얘기해
눈부시니까 실내에 보조 등만 켜.	눈 부시니까 신뢰해요
에어컨 전원 지금 당장 켜 줘.	에어컨 전원 지급
배송 중인 식료품 위치 알려 줘.	배송 중인 식료품
어제 주문한 식료품 명세 확인 가능할까	어제 주문한 식료품 명세 확인
컴퓨터 전원을 딱 오 분 후에 내려 줄래	컴퓨터 전원을 딱 5분 후에 내려 줄래
식료품 주문한 거 어디까지 왔어	식료품 주문한 거 어디까지
식료품 주문 상황이 어때	신제품 주문 상황
거실 조명 최대 밝기로 바꿔보자.	거실 조명 최대 밝기로 바꿔줘
식품 주문서가 어디 있던가	식품 주문서가 어디
아침 열 시에는 전원 내려가게 설정 부탁해.	아침 10시에는 저는 내려가게 설정 부탁
거실 전원 빛 다 꺼 줘.	거실 전원 다 꺼
선풍기 플러그들이 모두 작동하도록 타이머를 만들게.	선풍기 플러그들이 모두 작동 하도록 타이머
홈카메라는 어디에 있죠	폰카메라는
에어컨 풍량 강하게 해 줘.	에어컨 풍량
안방 조명 전원 껐는지 알아봐 줄래	안방 조명 전구 건전지
거실 전등 가장 약하게 설정하고 틀어 줘.	거실 전등 가장 약하게 설정해
전체 플러그 위치 알려 줄래	전체 플러그 위치
보일러 앞으로 한 시간 기다렸다가 틀어요.	볼때 앞으로 한시간 기다렸다 가 틀어
오월 육 일에 당근을 주문했는지 내역 확인 좀.	5월 6일에 당근을 주문했는데요
새벽 두 시에 멈추도록 선풍기 설정해 줘.	새벽2시에 멈 추도 록 선풍기 설정
컴퓨터 플러그 위치 여기 맞지	컴퓨터 플러그 몇이야
도착하려면 얼마 남았는지 알려 줘.	도착하려면 얼마나 남았는지
집에 들어갔을 때 조용하지 않게 티브이 전원 켜 줘.	집에 들어갔을 때 조용하지 않게 tv 전원 켜
보일러 바람 아래로 쐬어 줘.	보일러 바닥 아래로
안방 내부 전등 빠짐없이 전원 올려라.	안방 내부 전등 빠짐없이 잔업
혹시 목적지까지 몇 분 남았어	목적지까지 몇분
보일러 바람 위쪽으로 방향 틀어 줄래	오히려 바람이쪽으로 방향 틀어
이십 분 뒤 안방 소등 설정.	20분 뒤에 안방 소등
컴퓨터 아홉 시에 꺼지도록 타이머 맞춰 줘.	컴퓨터 9시에 꺼지 도록 타임
최대로 에어컨 실행해.	최대로 에어컨
집 전체 모두 켜진 조명 위치 체크.	집전체 모두 켜진 조명 위치
거실에 있는 보일러 전원만 켜 줘.	거실에 있는 보일러 전원
홈 카메라 위치를 좀 찾아줬으면 해.	폰카메라 외출을 좀 찾았으면
거실 조명 아침에는 일곱 시에 켜면 돼.	거실조명 아침에는 7시에
홈카메라 언제 썼나 좀 알려 줘 봐라.	폰카메라 언제 썼나 좀
홈카메라 촬영 내역이 어떻게 되니	폰카메라 최종 내역이 어떻게
안방 조명 중 꺼져 있는 것들 파악해 줘.	안방 조명 좀 꺼져 있는 것들
방향 아래쪽이야.	방향 알려줘
내가 퇴근하는 시간에 맞춰서 전원 켜 줄래	내가 퇴근하는 시간에 맞춰서 전원 켜
전원 플러그 켜져 있는 거 종료 부탁해.	전원 플러그 켜져 있는 거 종료
안방에 스탠드만 켜 줘.	안방 스탠드
에어컨 두 시간 후에 저절로 꺼지게 만들어.	에어컨 두시간 후에 자동으로 꺼줘
가스레인지 쓰게 가스 열어.	가스레인지 가스
조명등 전부 한 단계 떨어트려 줘.	조명 등 전부 한 단계 다운
홈 카메라 위치 정보 탐색 시작할래	홈 카메라 위치 정보 탐색 시작할래
안방 조명 이 단계로 바꿔 설정해 줘.	안방 조명 2 단계로 바꿔
두 시간 삼십 분 후에 못 하도록 컴퓨터 꺼.	2시간 30분 후에
현관문 열려 있는 거 같은데 한 번 확인해 주겠니	현관문이 열려 있는 거 같은데 한번 확인해
이번 달은 난방비 좀 줄이게 보일러 단계를 낮게 해 줘.	이번달은 난방비 줄이기
일 분 뒤에 가스 밸브는 꺼 줄래	1분 뒤에 가스 밸브 꺼
우리 집 전등들 지금부터 켜 둬.	우리 집 전등 꺼줘
로봇 청소기 집안 먼지 흡수하게 해.	로봇 청소기 집안 먼지
켜져 있는 거실 조명 리포트해 줘.	켜져 있는 거실 조명
보일러 타이머는 아홉 시로 맞춰 두세요.	보일러 타이머는 아홉시로 맞춰줘
선풍기 꼽아 둔 플러그 확인해 줘.	선풍기 꼽아 둔 플러그
파프리카 주문했는지 구매 내역에서 체크해 줘.	파프리카 주문 했는지 구매내역에서 체크
거실 안에 전등 다 켜.	거실 전등 다 켜
안방 조명 위치 확인 부탁해.	안방 조명 위치 확인
거실 어디에 조명이 위치하고 있는지 말해 줘.	당신은 어디에 위치하고 있는지
오늘 좀 늦게 집에 가니깐 최소로 설정해.	오늘 좀 늦게 진행 하니까 최소로
로봇 청소기 지금보다 강했으면 좋겠어.	로봇 청소기 지금보다 강 했으면
지금 배달 주문 들어갔는지 한번 봐 줘.	지금 배달 주문 들어갔는지 한번
거실 전체 조명 예약 종료해 줘.	거실 전체 조명 예약 종료
거실에 불이 필요해.	거실에 불 켜
보일러 온도 좀 뜨겁게 올려 주도록 해.	보일러 온도 좀 뜨 겁 개
삼십 분 이상을 더 가야 하니	30분 이상
컴퓨터 플러그 어디 콘센트에 꽂혀 있어	컴퓨터 플러그 어디 콘센트
모든 조명 밝기를 최대로 늘려 줄래요	모든 조명 밝기를 최대로 올려
거실 등 밝기 단계를 일 단계까지 조절해.	거실 등 밝기 단계를 1 단계까지
거실 에어컨이 어디에 위치하고 있는지 아니	거실 에어컨이 어디에 위치하고 있는
애들 방 에어컨 온도 조금만 올려 줘.	애들 방 에어컨 온도 조금만
삼 단계로 로봇 청소기 새로 변경해 줘.	3 단계로 로봇 청소기 세럼
에어컨은 이제 꺼도 돼.	에어컨 이제 꺼
안방 조명 밝기는 최대한 커야 해.	안방 조명 밝기는 최대한
거실 조명은 매일 일 단계에 있어야 해.	거실 조명은 매일 단계에 있어요
실내 온도가 이십이 도가 되게 계속 틀어 놔.	실내 온도가 22도가 되겠다
가스 나오게 해 줘.	가스 나오게
지그재그 모드로 거실 청소 시작	지그재그 모드로 거실 청소
현재 집까지 남은 거리 다시 계산해 봐.	현재 집까지 남은 거리 다시 계산해
지금 조명들 꺼 줄 수 있어	지금 조명을 꺼 줄 수 있어
모든 안방 전등을 한 단계 강하게 틀어 줘.	모든 안방 전등을 한단계 강하게 틀어
티브이 전원 좀 꺼 주겠어	tv 전원 좀 꺼줘
집 최대한 밝게 세팅해.	집 최대한 밝게
안방에 있는 조명 최소 밝기만 유지해 줘.	안방에 있는 조명 최소 밝기
청소를 잘하게 로봇 청소기 삼 단계로 올려 줄래	청소를 잘 하게 로봇 청소기 3 단계로 올려
거실 조명 단계 삼이면 일로 줄여 줘.	거실조명 담긴 삶이면 1호
히터 바람이 아래로 가게 틀어 줘.	히터 바람이 아래로 가게
식료품 주문 상태 확인을 해야겠어.	식료품 주문 상태 확인 후 해약
에어컨 온도 높여 놔.	에어컨 온도
로봇 청소기 천천히 청소하게 모드 변경 해.	로봇 청소기 천천히 청소하기
안방 밝기 꺼지기 직전까지 설정해 줘.	안방 밝기 꺼지기 직전까지
우리 집 전체 조명 위치가 어떻게 돼	우리 집 전체 조명 위치가
이제 안방 조명 밝기 최대로 무조건 바꿔.	이제 안방 조명 밝기 최대로 무조건 바꿔
지금 기준으로 홈카메라 용량 얼마나 남았는지 알려 줘.	지금 기준으로 홈 카메라 용량 얼마나 남았니
거실에 불 다 꺼 둬.	거실에 불 다 꺼
거실 불을 다섯 시에 꺼 줘.	거실 불을 5시에
집 최대 온도로 설정해 줘.	집 최대 온도로
외출한 동안 가스 밸브 잠가.	외출한 동안 가스 밸브 잠가
보일라 단계 일 단계로 조정해 줘.	보일라 단계 1 단계로 조정
보일러 아주 뜨거우니깐 한 단계 낮춰.	보일러 아주 뜨거 우니 깐 한 단계 낮춰
선풍기 한 시간 지나면 꺼줄래	선풍기 1시간 지나면 꺼
거실 조명 지금 어디 있어	거실 조명 지금 어디
곧 도착하니까 집 좀 환하게 해 줘.	곧도 착하니까 집중한 하게
거실 조명 좀 제일 작게 해 줘.	거실 조명 좀 제일 작게
컴퓨터가 쓰는 플러그 위치 알려 줘.	컴퓨터가 쓰는 플러그 위치
얘들이 더워하니까 에어컨은 아래로 향하게 해 줘.	애들이 더 하니까 에어컨을 아래로 향하게
조수석 문 잠그고 확인 한번 해.	조수석 문 잠그고 확인
차에 현재 남은 기름양 좀 알려 줘 봐.	차에 현재 남은 기름 양 좀
경적음 계속 켜고 있어 볼래	성적은 계속 켜고 있어
언제 수리 센터 가서 엔진 오일 교체해야 하는지 알려 줘.	언제 수리 센터가서 엔진오일 교체해야 되는지
톨게이트 들어갈 때 창문 내려.	서초 게이트 들어갈 때 창문
시동 걸자마자 에어컨 켜.	시동 걸자 마자 에어컨
땀 흡수되도록 시트 좀 통풍 시켜.	땀 흡수 되도록 시티점
운전석 창문 다 올려야 해.	운전석 창문 다 올려
수요일 여섯 시마다 시동 켜 둬.	수요일 6시마다 시동
옆 차랑 닿지 않게 전체 차 문 다 열어 줘.	엽 차랑 답지 않게 전체 차 분다
언제 엔진 오일 교체했는지 가르쳐 줘.	언제 엔진오일 교체 하는지
엔진 오일 교체 일이 언제야	엔진오일 교체 리어
경적 온 시켜.	정온식
교체한 지 일 년 되는 날이 언제야	교체 한지 1년 되는 날이야
차 문은 전체 잠가야 해.	처분은 전체 잠가
차 시동 걸어서 따뜻하게 데워놔.	차 시동 걸어서 따뜻하게 데워
새로운 엔진오일로 언제 바꿀까	새로운 엔진오일로 언제 바꿔
시시티브이 영상 잘 찍히고 있나 확인 부탁해.	cctv 영상 잘 지키고 있나 확인 부탁해
곧 터널이니 시동석 창문 완전히 닫아 봐.	고촌 어린이 실험 석 창문 완전히
시트 더 따뜻하게 만들어 줘.	셋트 더 따뜻하게 만들어
현재 차량 위치 지도에 표시해 줘.	현재 차량 위치 지도에 표시
히터 온도 지금보다 삼도 낮게 해 줘.	히터 온도 지금보다 3도다
엔진 오일 바꿀 날짜 좀 찾아 줘 봐.	엔진오일 받고 날짜 좀
비상 깜빡이 비춰 줘.	비상 깜빡이
조수석 창문 좀 열어 줄래.	조수석 창문 좀 열어
히터 이젠 안 켜도 돼.	포터2 전 안 켜
뒷자리에 사람 곧 타니깐 미리 열어 놀래	뒷자리에 사람이 좋다니 깐 미리
여덟 시로 주간 시동 예약 부탁해.	8시로 주간 식당 예약
톨게이트 요금 내게 시동석 창문 열어.	솔젠트 요금 내게 실용적 창문
조수석 타시게 문 열어드리자.	조수석 타 시계 문 열어 드림
차량 근처에 있을 시 경적 꺼 줘.	철원 근처에 있을 시 경 작가
차량 히터 온도 적당히 틀어 놔 줘.	차량 히터 온도 적당히 틀어
지금 내 블랙박스 켜져 있지	지금 내 블랙박스 켜줘
지난주 금요일 후면 블랙박스 영상 틀어 줘.	지난주 금요일 후면 블랙박스 영상 틀어줘
지금 전동 시트 위치 운전자 일 번으로 저장해 줘.	지금 전동 시트 위치 운전자 일본어로
지금 시동 켜 놓은 거 끄지 마.	지금 시동 켜 놓은 거 꺼
운전자 일 세팅에 히터 삼십도로 설정해놔.	운전자 엘사 팅에 히터 30도로 설정
운전자 일 번 설정 초기화해 줘.	운전자 일반 설정 초기화
조수석 차 문 살살 닫아.	조수석 차문 살살
에어컨 온도 십육도 유지	에어컨 온도 16도
조수석 통풍 시트 좀 켜 주라.	조수석 통풍시트
운전 끝 시동 꺼 줘.	운정 클 시동꺼짐
카시트 통풍 기능 켜 줘.	카시트 통풍 기능
나 오기 전까지 시동 좀 꺼 놓고 있어.	나오기전까지 시공점 꺼놓고
평일 아침에는 일곱 시에 시동 미리 켜 주세요.	내일 아침에는 7시에 켜줘
송풍 모드 가동되면 알려 줘.	송풍 모드 가동 되면
지금은 히터 필요 없을 거 같아.	지금은 니가 필요없어
혹시 내 엔진오일 교체일 알아	혹시 내 엔진오일 교체
내차 지금 어디 세워져 있는지 말해줄래	대처 지금 어디에 세워 져 있는지 말해
좀 이따 나가게 다시 차 시동 좀 꺼 줄래	좀 이따 나가게 다시 차 시동 좀 꺼줄래
운전자 일 에코 모드 설정되어 있어	운전자 1일 에코 모드 설정
시동 꺼지게 해 줘.	시동꺼짐
차량 내부 씨씨티브이 녹화자료 보여 줘.	차량 내부 cctv 녹화 자료
내 차 어디 쪽에 있는지 얘기해 줘.	내 차 어디쪽에 있는지
외출 스케줄 따라 시동 미리 걸어.	외출 시켜 줄 타나 하시 덕미리
시트에 열선 켜서 따뜻하게 해 줘.	시트열선 켜서 따뜻하게
주간에 시동 거는 시간 예약해 둘래.	주간에 시동거는 시간 예약해
운전자 일 모드에 문 잠금 추가.	운전자 1 모두의 문 잠금
지금까지 주행거리 보면 엔진 오일 교체해야 하나	지금까지 주행거리 보면 엔진오일 교체
경적 그만 내주라.	광적 금 안내
차량 시동 온 모드로 설정 부탁해.	차량 시동 on 모드로 설정
송품 모드 작동 멈춰.	온풍 모드 작동
매주 수요일마다 오전 일곱 시에 시동 켜 놔.	매주 수요일마다 오전 7시에 시간
온도 낮아지게 에어컨 설정 좀 부탁해.	온도 낮아 지게 에어컨 설정 좀
엔진오일 갈아야 하는지 확인해 줘 봐.	엔진오일 갈아야 하는지 확인
시트 온도 올려 볼래	최초 온도 올려
현재 차량 위치 측정해 줘.	현재 차량 위치 측정
평일에 늘 같은 시간에 빵 운송해야 하니깐 예약 시동 걸어 줘.	평일에 늘 같은 시간에 방 운송 해야 하니깐 예약 시동
파워 냉방 켜자.	파워 냉방
너무 더우니 좀 시원하게 해 줘.	너무 더운 요즘 시원하게 해
차 안 시시티브이 녹화 틀어 봐.	천안 cctv 녹화 틀어
전체 창문 더 내려.	전체 창문
아홉 시에 시동 걸어 놔.	9시에
내부 순환 모드 오프해 줘.	외부 순환 모드 off
지금 전동 시트 위치 운전자 일 번에 입력해 줘.	지금 전동 시트 위치 운전자 일본에
저녁에 탑승 전 내부 순환 모드 시작해 줘.	저녁에 탑승 전 내부순환 모드 시작해
경적 길게 눌러 줘.	길게 눌러줘
곧 출발하게 차 시동 준비 부탁해.	곧 출발 하게 차 시동 준비
슬슬 더워지려 하니 히터 꺼 줄래	현실 더워 지려 하니
차 어디에 놔뒀지	차 어디에라도
주말엔 운동하러 가는 시간에 맞춰서 시동 켜 놔.	주말엔 운동하러 가는 시간에 맞춰서 시동 켜
밖이 너무 덥네 통풍 시트 켜 줘.	밖이 너무 덥네 통풍시트
에어컨 온도 평균 이십 도로 맞춰 줘.	에어컨 온도 평균 20 도루
차 시동이 켜졌나 꺼 줘.	차 시동이 켜졌나
안개 낀 날에는 비상등 켜 줘라.	안개 낀 날에는 비상 등 켜줘
따듯한 열선 기능 부탁할게.	따뜻한 열선 기능 부탁해
매주 수요일에는 여덟 시에 갈 수 있게 시동 준비.	매주 수요일에는 8시에 갈 수 있겠어
지금 내 차 어딨는지 확인해 줘.	지금 내 차 어디 있는지
집에 들어왔으니 차 히터는 꺼 줘.	집에 들어 왔으니 차 히터는
블랙박스 작동 확인해.	블랙박스 작동
지금부터 순환 모드 작동 안 할게.	지금부터 순환 모드 작동
듣기 불쾌하니까 경적음 꺼 줘.	특히 불쾌 하니까 경적 음 꺼줘
차 문 전부 열렸는지 알려 주게.	차원 전부 열렸는지 알려
매일 항상 똑같은 시간에 차량 시동 예약해 줄래	매일 항상 똑같은 시간에 차량 시동 예약해줘
저 경보음 소리 멈추게 해 봐.	차 경보음 소리 멈춰
내 차 주차장 어디에 있어	회차 주차장 어디예요
송풍 기능 오프 부탁해.	송풍 기능 off
운전자 일 설정된 거 뭔지 알려 줘.	운전자 일 설정된 거 뭔지
남은 기름이 얼마쯤 되니	남은 기름이 얼마야
오늘 아침 시시티브이 영상 돌려줄래	오늘 아침 cctv 영상 돌려
조수석 더 따뜻하게 부탁해.	조수석 더 따뜻하게
히터 미리 틀어 줘.	히 컵 1위 틀어
시동 걸린 거 유지해.	시동 걸린 거
에어컨 두 칸 낮춰 줘.	에어컨 두칸
시동부터 켜 줘.	
차 시동 계속 켜지게끔 설정 부탁해.	차 시동 계속 켜지게 감 설정
지금 차량 내 씨씨티브이 좀 보자.	지금 차량 내 cctv 정보
지금 온도로 에어컨 유지해 줘.	지금 온도로 에어컨이
뒷문 폐쇄해.	김은 표
조수석 문 바로 탈 수 있게 열어 주게나.	조수석 문 바로 탈수 있게 여러
엔진 오일 교체는 언제 다시 하면 될까	엔진오일 교체는 언제 다시 하면
히터 온도 이십육 도로 다시 설정해.	히터 온도 26도로
지금 시동 걸고 끄지 마.	지금 시동 걸고 끝
모든 차 문 잠금 풀어.	모든 차 문 잠금
지금 한번 블랙박스 봐도 될까	지금 한번 블랙박스 봐도 돼
파킹할 때 비상등 켜.	퍼팅 할때 비상등
월요일부터 금요일까지 여덟 시에 시동 걸어 놔 줘.	월요일부터 금요일까지 8시에 시동 걸어
수요일에 찍힌 블랙박스 영상 보여 줘.	수요일에 찍힌 블랙박스 영상 보
운전 오래 할 거니까 통풍 시트 켜 줘.	운전 오래 할 거니까 통풍시트
내 차 앞에 뭐 있는지 블랙박스 화면 보여 줘.	재첩회 뭐있는지 블랙박스 화면
집 나서면 바로 시동 걸어 줘.	지금 나서면 바로 시동
시끄러우니까 경보음 소리 꺼 버려.	시끄러우니까 경보음 소리 꺼
먼지 들어오지 않게 전체 차 문 닫아.	언제 들어오지 않게 전체 처분
운전석에 물 안 들어오게 창문 좀 닫아 줘.	운전석에 물 안 들어오게 창원점
차 뒷문 얼른 닫거라.	차 뒷문 앓는다
깜빡하고 조수석 창문 열고 왔어.	깜빡하고 조수석 창문 열고
좌석 통풍 최대로 해 주라.	좌석 통풍 최대로 해줘
잠깐 나갔다 올 테니 시동은 끄지 마.	잠깐 나갔다 올 테니까
지금 조수석 문 닫아.	지금 속속
엔진 오일 마지막으로 교체 한 날짜 표시해 줘.	엔진오일 마지막으로 교체한 날짜 표시
에어컨 온도 좀 높여라.	에어컨 온도 좀 높여
히터 켜주실래요	히터 켜줘
엔진 오일 언제 교체했는지 가르쳐주라.	엔진오일 언제 그치는지
운전자 일 맞춤 기능에 시동 켜기 있어야 해.	운전자 1 맞춤 기능에 시동 켜기
시동 먼저 걸어 줘.	
차 블랙박스 확인해.	차 블랙박스
엔진 오일 교체일 며칠이었지	엔진오일 교체의 며칠
전 좌석 시트 온도 좀 올려 둬.	전좌석 시트 온도 좀
운전자 모드 등록되어 있는 거 다 보여 줘.	운전자 모두 등록되어 있는 거 다 꺼
지난번 엔진 오일 교체 한 날짜 알고 싶어.	지난번 엔진오일 교체한 날짜 알고싶어요
대충 언제쯤 엔진오일 갈면 좋을까	대충 언제쯤 엔진오일 갈면
에어컨 더 차갑게 해 줘.	에어컨 더
앞 좌석만 창문 조금씩 내려 줄래	앞 좌 석만 창문 조금씩
엔진 오일 언제 바꿀지 알려 줘.	엔진오일 언제 바꿀 지 알려줘
조수석에 누구 앉을 거니까 따뜻하게 틀어 놔.	조수석에 누구 안 잴 거니까 따뜻하게 틀어
지금 차가 어디에 갔는지 찾아 줘.	지금 차가 어디에 갔는지
앞 좌석 통풍해 줄 수 있어	앞좌석 통풍 해줄 수
시동 끄자고요.	시동 끄자고
어제 날짜 시시티브이 영상 찾아 줘.	어제 날짜 cctv 영상
엔진 오일 교체 예상일 좀 체크해 줘.	엔진오일 교체 예상 일정 체크해
사람들 빨리 탈 수 있게 뒷자리 차 문 열어 둬.	사람들 빨리 탈수 있게 뒷자리 차문 열어
내부 순환 모드로 맞춰서 공기 순환해 줘.	내부순환 모드로 맞춰서 공기 순환
차 시동 켤 준비 해 둬 줘.	차 시동 켤 준비해
조수석 차 문 열어 놓을래.	조수석 차문 열어
내부 순환으로 모드 변경 좀 해 줘.	내부 순환으로 모드 변경
조수석에 시트 올려 줘.	조수석에 시트
지금 바로 뒷자리 열어 줘.	지금 바로 뒷자리 열어
엔진오일 며칠에 바꿨는지 확인해 줘.	엔진오일 며칠을 바꿨는지 확인
히터 온도 최대한 낮게 틀어 줘.	히터 온도 최대한 낮게 틀어
사람들이 앉기 전에 열선 시트 미리 틀어 줘.	사람들이 앉기 전에 열선시트 미리 틀어
비상등 스위치 올려 줘.	비상등 스위치
앞 차가 급정거했어 비상등 켜자.	앞차가 급정거 해서 비상등 켜
주유 직원하고 얘기하게 조수석 창문 내려 줘.	주유 직원하고 얘기하게 조수석 창문 내려
지금 차량 송풍 모드 켜져 있으면 꺼 줘.	지금 차량 송풍 모드 켜져 있으면
조수석 엉덩이 따뜻하게 만들어 줘.	조수석 엉덩이 따뜻하게
히터 안 틀고는 못 배기겠다.	히터 안 치고는 못 빼
현재 잔여 기름양 체크해.	현재 잔여 기름 양
시동 꺼야 해요.	시동 꺼
운전석 창 닫긴 건지 확인해 줘.	운전석 창 바뀐 건지
시동 온.	
어제 열 시부터 열한 시까지 블랙박스 영상 좀 볼래.	어제 10시부터 11시까지 블랙박스 영상
시트 온도 더 올리려면 뭐 어떻게 해야 돼	신체 온도 더 올리려면 어떻게
회사 출근하게 시동 걸어.	회사 출근하게
미팅 끝나면 바로 갈 수 있게 차 시동 걸어 줘.	미팅 끝나면 바로 갈 수 있게 차
자연 바람 쐬게 에어컨 꺼 줘.	과연 바람 세기 에어컨
블랙박스 현재 켜져 있지	블랙박스 현재 켜져
비상등 파워 온	비상등 파워
전체 차 문 열림 방지해 줘.	전체 창문 열림 방지
운전자 일 세팅에서 열선 시트는 빼 줘.	운전자 1 4층에서 열선시트는 빼
운전자 이 번 모드일 때 히터 온도 몇 도야	운전자 이번 모델인데 히터 온도
경적 울리도록 실행해 줘.	성적 올리 도록
히터 운전 시작해 주세요.	히터 운전 시작해줘
경적 인제 그만 울려.	경적 인제 그만
송풍 모드로 돌려줘.	송풍 모드로
차에 시동 좀 걸어 주렴.	차 시동 좀
주차 완료 후 시동석 창문 열려 있을 시 닫아 줘.	주차 완료 후 시동 석 창문 열려 있을 시에 닫아
너무 더울 것 같은데 창문 전부 열어 줄래	너무 더울 것 같은데 청문 정지
내일부터는 이 시간에 시동 미리 걸어 놔.	내일부터는 이 시간에 시동 미리 걸어
시트 온도 너무 올라가지 않게 조절해 줘.	세트 온도 너무 올라가지 않게
엔진오일 교환이 며칠 남았는지 알아봐 줘.	엔진오일 교환이 며칠 남았는지 알아봐 줘
내일 새벽부터 미리 예열 시켜.	내일 새벽부터 미리
주말은 됐고 늘 이 시간에 시동 예약해 줘.	주말은 됐고 늘 이시간에 시청예약해
속도 낮춰야 하니 비상등 켜 줘.	속도 낮춰야 하니 비상등
주말 제외하고 평일에만 출근 시간에 시동 걸어 놔 줘.	주말 제외하고 평일에만 출근시간에 시동 걸어
차 문 잠금 설정 풀게.	차문 잠금 설정
차 문 모두 닫아요.	답은 모두 닫아요
차 시동 키면 송풍 모드 켜 줘.	차 시동 키면 송풍 모드 켜
에어컨 열어.	에어컨 열어
히터 그만해도 되니까 끌래.	히토 그만해도 되니까
운전자 일에서 히터 온도 이십육 도로 변경해 줘.	운전자 이래서 히터 온도 26도로
3209 11068
28.99349475966751
